<?xml version="1.0" encoding="UTF-8"?>
<!-- Generated by org.testng.reporters.JUnitReportReporter -->
<testsuite hostname="LT14-DBR1-IND" failures="0" tests="1" name="com.qa.ui.tests.searchPageTest" time="31.910" errors="0" timestamp="2021-11-26T21:27:44 IST" skipped="0">
  <testcase classname="com.qa.ui.tests.searchPageTest" name="searchCity" time="31.910"/>
  <system-out/>
</testsuite> <!-- com.qa.ui.tests.searchPageTest -->
