<?xml version="1.0" encoding="UTF-8"?>
<!-- Generated by org.testng.reporters.JUnitReportReporter -->
<testsuite hostname="LT14-DBR1-IND" failures="0" tests="2" name="com.qa.tests.searchPageTest" time="38.888" errors="0" timestamp="2021-11-25T21:40:47 IST" skipped="0">
  <testcase classname="com.qa.tests.searchPageTest" name="validateSearchPageTitle" time="16.601"/>
  <system-out/>
  <testcase classname="com.qa.tests.searchPageTest" name="searchCity" time="22.287"/>
  <system-out/>
</testsuite> <!-- com.qa.tests.searchPageTest -->
